[     129ms] [INFO] %cDownload the React DevTools for a better development experience: https://react.dev/link/react-devtools font-weight:bold @ http://localhost:5173/node_modules/.vite/deps/react-dom_client.js?v=b9af62b4:17986
[     210ms] [LOG] Stripe customer ID: null @ http://localhost:5173/src/pages/Dashboard.jsx:50
[     210ms] [LOG] Stripe subscription ID: null @ http://localhost:5173/src/pages/Dashboard.jsx:54
[     210ms] [LOG] hasActiveSubscription result: false @ http://localhost:5173/src/pages/Dashboard.jsx:58
[     210ms] [LOG] userTier: FREEMIUM @ http://localhost:5173/src/pages/Dashboard.jsx:59
[     210ms] [LOG] Stripe customer ID: null @ http://localhost:5173/src/pages/Dashboard.jsx:50
[     210ms] [LOG] Stripe subscription ID: null @ http://localhost:5173/src/pages/Dashboard.jsx:54
[     210ms] [LOG] hasActiveSubscription result: false @ http://localhost:5173/src/pages/Dashboard.jsx:58
[     210ms] [LOG] userTier: FREEMIUM @ http://localhost:5173/src/pages/Dashboard.jsx:59
[     216ms] [LOG] ❌ No user or auth loading, skipping load @ http://localhost:5173/src/context/UsageContext.jsx:77
[     217ms] [LOG] ❌ No user or auth loading, skipping load @ http://localhost:5173/src/context/UsageContext.jsx:77
[     223ms] [LOG] 🔥 Auth state changed: Logged out @ http://localhost:5173/src/context/AuthContext.jsx:32
[     223ms] [LOG] User object: null @ http://localhost:5173/src/context/AuthContext.jsx:33
[     226ms] [LOG] Stripe customer ID: null @ http://localhost:5173/src/pages/Dashboard.jsx:50
[     226ms] [LOG] Stripe subscription ID: null @ http://localhost:5173/src/pages/Dashboard.jsx:54
[     226ms] [LOG] hasActiveSubscription result: false @ http://localhost:5173/src/pages/Dashboard.jsx:58
[     226ms] [LOG] userTier: FREEMIUM @ http://localhost:5173/src/pages/Dashboard.jsx:59
[     226ms] [LOG] Stripe customer ID: null @ http://localhost:5173/src/pages/Dashboard.jsx:50
[     226ms] [LOG] Stripe subscription ID: null @ http://localhost:5173/src/pages/Dashboard.jsx:54
[     226ms] [LOG] hasActiveSubscription result: false @ http://localhost:5173/src/pages/Dashboard.jsx:58
[     226ms] [LOG] userTier: FREEMIUM @ http://localhost:5173/src/pages/Dashboard.jsx:59
[     227ms] [LOG] ❌ No user or auth loading, skipping load @ http://localhost:5173/src/context/UsageContext.jsx:77
[   95894ms] [LOG] TabsContainer Props: {resumeLength: 0, jobDescriptionLength: 0, isResumeSubmitted: false, isJobDescriptionSubmitted: false, currentUser: false} @ http://localhost:5173/src/components/TabsContainer.jsx:297
[   95894ms] [LOG] TabsContainer Props: {resumeLength: 0, jobDescriptionLength: 0, isResumeSubmitted: false, isJobDescriptionSubmitted: false, currentUser: false} @ http://localhost:5173/src/components/TabsContainer.jsx:297
[   95896ms] [LOG] Chat State Updated: {isResumeSubmitted: false, isJobDescriptionSubmitted: false, resumeLength: 0, jobDescriptionLength: 0, hasAnalysisResults: false} @ http://localhost:5173/src/components/Chat.jsx:59
[   95896ms] [LOG] Chat State Updated: {isResumeSubmitted: false, isJobDescriptionSubmitted: false, resumeLength: 0, jobDescriptionLength: 0, hasAnalysisResults: false} @ http://localhost:5173/src/components/Chat.jsx:59
[   95918ms] [LOG] html2pdf loaded successfully @ http://localhost:5173/src/components/Chat.jsx:41
[   95926ms] [LOG] html2pdf loaded successfully @ http://localhost:5173/src/components/Chat.jsx:41
[   96410ms] [LOG] TabsContainer Props: {resumeLength: 0, jobDescriptionLength: 0, isResumeSubmitted: false, isJobDescriptionSubmitted: false, currentUser: false} @ http://localhost:5173/src/components/TabsContainer.jsx:297
[   96410ms] [LOG] TabsContainer Props: {resumeLength: 0, jobDescriptionLength: 0, isResumeSubmitted: false, isJobDescriptionSubmitted: false, currentUser: false} @ http://localhost:5173/src/components/TabsContainer.jsx:297
